nohup: ignoring input
fta_upper_limit: 0.05   fta_lower_limit: -0.05   fta_delta: 0.0100   fta_eta: 0.0100   run:  0
fta_upper_limit: 0.05   fta_lower_limit: -0.05   fta_delta: 0.0100   fta_eta: 0.0100   run:  1
fta_upper_limit: 0.05   fta_lower_limit: -0.05   fta_delta: 0.0100   fta_eta: 0.0100   run:  2
fta_upper_limit: 0.05   fta_lower_limit: -0.05   fta_delta: 0.0100   fta_eta: 0.0100   run:  3
fta_upper_limit: 0.05   fta_lower_limit: -0.05   fta_delta: 0.0100   fta_eta: 0.0100   run:  4
fta_upper_limit: 0.05   fta_lower_limit: -0.05   fta_delta: 0.0091   fta_eta: 0.0091   run:  0
fta_upper_limit: 0.05   fta_lower_limit: -0.05   fta_delta: 0.0091   fta_eta: 0.0091   run:  1
fta_upper_limit: 0.05   fta_lower_limit: -0.05   fta_delta: 0.0091   fta_eta: 0.0091   run:  2
fta_upper_limit: 0.05   fta_lower_limit: -0.05   fta_delta: 0.0091   fta_eta: 0.0091   run:  3
fta_upper_limit: 0.05   fta_lower_limit: -0.05   fta_delta: 0.0091   fta_eta: 0.0091   run:  4
fta_upper_limit: 0.05   fta_lower_limit: -0.05   fta_delta: 0.0083   fta_eta: 0.0083   run:  0
fta_upper_limit: 0.05   fta_lower_limit: -0.05   fta_delta: 0.0083   fta_eta: 0.0083   run:  1
fta_upper_limit: 0.05   fta_lower_limit: -0.05   fta_delta: 0.0083   fta_eta: 0.0083   run:  2
fta_upper_limit: 0.05   fta_lower_limit: -0.05   fta_delta: 0.0083   fta_eta: 0.0083   run:  3
fta_upper_limit: 0.05   fta_lower_limit: -0.05   fta_delta: 0.0083   fta_eta: 0.0083   run:  4
fta_upper_limit: 0.05   fta_lower_limit: -0.05   fta_delta: 0.0077   fta_eta: 0.0077   run:  0
fta_upper_limit: 0.05   fta_lower_limit: -0.05   fta_delta: 0.0077   fta_eta: 0.0077   run:  1
fta_upper_limit: 0.05   fta_lower_limit: -0.05   fta_delta: 0.0077   fta_eta: 0.0077   run:  2
fta_upper_limit: 0.05   fta_lower_limit: -0.05   fta_delta: 0.0077   fta_eta: 0.0077   run:  3
fta_upper_limit: 0.05   fta_lower_limit: -0.05   fta_delta: 0.0077   fta_eta: 0.0077   run:  4
fta_upper_limit: 0.05   fta_lower_limit: -0.05   fta_delta: 0.0071   fta_eta: 0.0071   run:  0
fta_upper_limit: 0.05   fta_lower_limit: -0.05   fta_delta: 0.0071   fta_eta: 0.0071   run:  1
fta_upper_limit: 0.05   fta_lower_limit: -0.05   fta_delta: 0.0071   fta_eta: 0.0071   run:  2
fta_upper_limit: 0.05   fta_lower_limit: -0.05   fta_delta: 0.0071   fta_eta: 0.0071   run:  3
fta_upper_limit: 0.05   fta_lower_limit: -0.05   fta_delta: 0.0071   fta_eta: 0.0071   run:  4
fta_upper_limit: 0.05   fta_lower_limit: -0.05   fta_delta: 0.0067   fta_eta: 0.0067   run:  0
fta_upper_limit: 0.05   fta_lower_limit: -0.05   fta_delta: 0.0067   fta_eta: 0.0067   run:  1
fta_upper_limit: 0.05   fta_lower_limit: -0.05   fta_delta: 0.0067   fta_eta: 0.0067   run:  2
fta_upper_limit: 0.05   fta_lower_limit: -0.05   fta_delta: 0.0067   fta_eta: 0.0067   run:  3
fta_upper_limit: 0.05   fta_lower_limit: -0.05   fta_delta: 0.0067   fta_eta: 0.0067   run:  4
fta_upper_limit: 0.10   fta_lower_limit: -0.10   fta_delta: 0.0200   fta_eta: 0.0200   run:  0
fta_upper_limit: 0.10   fta_lower_limit: -0.10   fta_delta: 0.0200   fta_eta: 0.0200   run:  1
fta_upper_limit: 0.10   fta_lower_limit: -0.10   fta_delta: 0.0200   fta_eta: 0.0200   run:  2
fta_upper_limit: 0.10   fta_lower_limit: -0.10   fta_delta: 0.0200   fta_eta: 0.0200   run:  3
fta_upper_limit: 0.10   fta_lower_limit: -0.10   fta_delta: 0.0200   fta_eta: 0.0200   run:  4
fta_upper_limit: 0.10   fta_lower_limit: -0.10   fta_delta: 0.0182   fta_eta: 0.0182   run:  0
fta_upper_limit: 0.10   fta_lower_limit: -0.10   fta_delta: 0.0182   fta_eta: 0.0182   run:  1
fta_upper_limit: 0.10   fta_lower_limit: -0.10   fta_delta: 0.0182   fta_eta: 0.0182   run:  2
fta_upper_limit: 0.10   fta_lower_limit: -0.10   fta_delta: 0.0182   fta_eta: 0.0182   run:  3
fta_upper_limit: 0.10   fta_lower_limit: -0.10   fta_delta: 0.0182   fta_eta: 0.0182   run:  4
fta_upper_limit: 0.10   fta_lower_limit: -0.10   fta_delta: 0.0167   fta_eta: 0.0167   run:  0
fta_upper_limit: 0.10   fta_lower_limit: -0.10   fta_delta: 0.0167   fta_eta: 0.0167   run:  1
fta_upper_limit: 0.10   fta_lower_limit: -0.10   fta_delta: 0.0167   fta_eta: 0.0167   run:  2
fta_upper_limit: 0.10   fta_lower_limit: -0.10   fta_delta: 0.0167   fta_eta: 0.0167   run:  3
fta_upper_limit: 0.10   fta_lower_limit: -0.10   fta_delta: 0.0167   fta_eta: 0.0167   run:  4
fta_upper_limit: 0.10   fta_lower_limit: -0.10   fta_delta: 0.0154   fta_eta: 0.0154   run:  0
fta_upper_limit: 0.10   fta_lower_limit: -0.10   fta_delta: 0.0154   fta_eta: 0.0154   run:  1
fta_upper_limit: 0.10   fta_lower_limit: -0.10   fta_delta: 0.0154   fta_eta: 0.0154   run:  2
fta_upper_limit: 0.10   fta_lower_limit: -0.10   fta_delta: 0.0154   fta_eta: 0.0154   run:  3
fta_upper_limit: 0.10   fta_lower_limit: -0.10   fta_delta: 0.0154   fta_eta: 0.0154   run:  4
fta_upper_limit: 0.10   fta_lower_limit: -0.10   fta_delta: 0.0143   fta_eta: 0.0143   run:  0
fta_upper_limit: 0.10   fta_lower_limit: -0.10   fta_delta: 0.0143   fta_eta: 0.0143   run:  1
fta_upper_limit: 0.10   fta_lower_limit: -0.10   fta_delta: 0.0143   fta_eta: 0.0143   run:  2
fta_upper_limit: 0.10   fta_lower_limit: -0.10   fta_delta: 0.0143   fta_eta: 0.0143   run:  3
fta_upper_limit: 0.10   fta_lower_limit: -0.10   fta_delta: 0.0143   fta_eta: 0.0143   run:  4
fta_upper_limit: 0.10   fta_lower_limit: -0.10   fta_delta: 0.0133   fta_eta: 0.0133   run:  0
fta_upper_limit: 0.10   fta_lower_limit: -0.10   fta_delta: 0.0133   fta_eta: 0.0133   run:  1
fta_upper_limit: 0.10   fta_lower_limit: -0.10   fta_delta: 0.0133   fta_eta: 0.0133   run:  2
fta_upper_limit: 0.10   fta_lower_limit: -0.10   fta_delta: 0.0133   fta_eta: 0.0133   run:  3
fta_upper_limit: 0.10   fta_lower_limit: -0.10   fta_delta: 0.0133   fta_eta: 0.0133   run:  4
fta_upper_limit: 0.25   fta_lower_limit: -0.25   fta_delta: 0.0500   fta_eta: 0.0500   run:  0
fta_upper_limit: 0.25   fta_lower_limit: -0.25   fta_delta: 0.0500   fta_eta: 0.0500   run:  1
fta_upper_limit: 0.25   fta_lower_limit: -0.25   fta_delta: 0.0500   fta_eta: 0.0500   run:  2
fta_upper_limit: 0.25   fta_lower_limit: -0.25   fta_delta: 0.0500   fta_eta: 0.0500   run:  3
fta_upper_limit: 0.25   fta_lower_limit: -0.25   fta_delta: 0.0500   fta_eta: 0.0500   run:  4
fta_upper_limit: 0.25   fta_lower_limit: -0.25   fta_delta: 0.0455   fta_eta: 0.0455   run:  0
fta_upper_limit: 0.25   fta_lower_limit: -0.25   fta_delta: 0.0455   fta_eta: 0.0455   run:  1
fta_upper_limit: 0.25   fta_lower_limit: -0.25   fta_delta: 0.0455   fta_eta: 0.0455   run:  2
fta_upper_limit: 0.25   fta_lower_limit: -0.25   fta_delta: 0.0455   fta_eta: 0.0455   run:  3
fta_upper_limit: 0.25   fta_lower_limit: -0.25   fta_delta: 0.0455   fta_eta: 0.0455   run:  4
fta_upper_limit: 0.25   fta_lower_limit: -0.25   fta_delta: 0.0417   fta_eta: 0.0417   run:  0
fta_upper_limit: 0.25   fta_lower_limit: -0.25   fta_delta: 0.0417   fta_eta: 0.0417   run:  1
fta_upper_limit: 0.25   fta_lower_limit: -0.25   fta_delta: 0.0417   fta_eta: 0.0417   run:  2
fta_upper_limit: 0.25   fta_lower_limit: -0.25   fta_delta: 0.0417   fta_eta: 0.0417   run:  3
fta_upper_limit: 0.25   fta_lower_limit: -0.25   fta_delta: 0.0417   fta_eta: 0.0417   run:  4
fta_upper_limit: 0.25   fta_lower_limit: -0.25   fta_delta: 0.0385   fta_eta: 0.0385   run:  0
fta_upper_limit: 0.25   fta_lower_limit: -0.25   fta_delta: 0.0385   fta_eta: 0.0385   run:  1
fta_upper_limit: 0.25   fta_lower_limit: -0.25   fta_delta: 0.0385   fta_eta: 0.0385   run:  2
fta_upper_limit: 0.25   fta_lower_limit: -0.25   fta_delta: 0.0385   fta_eta: 0.0385   run:  3
fta_upper_limit: 0.25   fta_lower_limit: -0.25   fta_delta: 0.0385   fta_eta: 0.0385   run:  4
fta_upper_limit: 0.25   fta_lower_limit: -0.25   fta_delta: 0.0357   fta_eta: 0.0357   run:  0
fta_upper_limit: 0.25   fta_lower_limit: -0.25   fta_delta: 0.0357   fta_eta: 0.0357   run:  1
fta_upper_limit: 0.25   fta_lower_limit: -0.25   fta_delta: 0.0357   fta_eta: 0.0357   run:  2
fta_upper_limit: 0.25   fta_lower_limit: -0.25   fta_delta: 0.0357   fta_eta: 0.0357   run:  3
fta_upper_limit: 0.25   fta_lower_limit: -0.25   fta_delta: 0.0357   fta_eta: 0.0357   run:  4
fta_upper_limit: 0.25   fta_lower_limit: -0.25   fta_delta: 0.0333   fta_eta: 0.0333   run:  0
fta_upper_limit: 0.25   fta_lower_limit: -0.25   fta_delta: 0.0333   fta_eta: 0.0333   run:  1
fta_upper_limit: 0.25   fta_lower_limit: -0.25   fta_delta: 0.0333   fta_eta: 0.0333   run:  2
fta_upper_limit: 0.25   fta_lower_limit: -0.25   fta_delta: 0.0333   fta_eta: 0.0333   run:  3
fta_upper_limit: 0.25   fta_lower_limit: -0.25   fta_delta: 0.0333   fta_eta: 0.0333   run:  4
fta_upper_limit: 0.50   fta_lower_limit: -0.50   fta_delta: 0.1000   fta_eta: 0.1000   run:  0
fta_upper_limit: 0.50   fta_lower_limit: -0.50   fta_delta: 0.1000   fta_eta: 0.1000   run:  1
fta_upper_limit: 0.50   fta_lower_limit: -0.50   fta_delta: 0.1000   fta_eta: 0.1000   run:  2
fta_upper_limit: 0.50   fta_lower_limit: -0.50   fta_delta: 0.1000   fta_eta: 0.1000   run:  3
fta_upper_limit: 0.50   fta_lower_limit: -0.50   fta_delta: 0.1000   fta_eta: 0.1000   run:  4
fta_upper_limit: 0.50   fta_lower_limit: -0.50   fta_delta: 0.0909   fta_eta: 0.0909   run:  0
fta_upper_limit: 0.50   fta_lower_limit: -0.50   fta_delta: 0.0909   fta_eta: 0.0909   run:  1
fta_upper_limit: 0.50   fta_lower_limit: -0.50   fta_delta: 0.0909   fta_eta: 0.0909   run:  2
fta_upper_limit: 0.50   fta_lower_limit: -0.50   fta_delta: 0.0909   fta_eta: 0.0909   run:  3
fta_upper_limit: 0.50   fta_lower_limit: -0.50   fta_delta: 0.0909   fta_eta: 0.0909   run:  4
fta_upper_limit: 0.50   fta_lower_limit: -0.50   fta_delta: 0.0833   fta_eta: 0.0833   run:  0
fta_upper_limit: 0.50   fta_lower_limit: -0.50   fta_delta: 0.0833   fta_eta: 0.0833   run:  1
fta_upper_limit: 0.50   fta_lower_limit: -0.50   fta_delta: 0.0833   fta_eta: 0.0833   run:  2
fta_upper_limit: 0.50   fta_lower_limit: -0.50   fta_delta: 0.0833   fta_eta: 0.0833   run:  3
fta_upper_limit: 0.50   fta_lower_limit: -0.50   fta_delta: 0.0833   fta_eta: 0.0833   run:  4
fta_upper_limit: 0.50   fta_lower_limit: -0.50   fta_delta: 0.0769   fta_eta: 0.0769   run:  0
fta_upper_limit: 0.50   fta_lower_limit: -0.50   fta_delta: 0.0769   fta_eta: 0.0769   run:  1
fta_upper_limit: 0.50   fta_lower_limit: -0.50   fta_delta: 0.0769   fta_eta: 0.0769   run:  2
fta_upper_limit: 0.50   fta_lower_limit: -0.50   fta_delta: 0.0769   fta_eta: 0.0769   run:  3
fta_upper_limit: 0.50   fta_lower_limit: -0.50   fta_delta: 0.0769   fta_eta: 0.0769   run:  4
fta_upper_limit: 0.50   fta_lower_limit: -0.50   fta_delta: 0.0714   fta_eta: 0.0714   run:  0
fta_upper_limit: 0.50   fta_lower_limit: -0.50   fta_delta: 0.0714   fta_eta: 0.0714   run:  1
fta_upper_limit: 0.50   fta_lower_limit: -0.50   fta_delta: 0.0714   fta_eta: 0.0714   run:  2
fta_upper_limit: 0.50   fta_lower_limit: -0.50   fta_delta: 0.0714   fta_eta: 0.0714   run:  3
fta_upper_limit: 0.50   fta_lower_limit: -0.50   fta_delta: 0.0714   fta_eta: 0.0714   run:  4
fta_upper_limit: 0.50   fta_lower_limit: -0.50   fta_delta: 0.0667   fta_eta: 0.0667   run:  0
fta_upper_limit: 0.50   fta_lower_limit: -0.50   fta_delta: 0.0667   fta_eta: 0.0667   run:  1
fta_upper_limit: 0.50   fta_lower_limit: -0.50   fta_delta: 0.0667   fta_eta: 0.0667   run:  2
fta_upper_limit: 0.50   fta_lower_limit: -0.50   fta_delta: 0.0667   fta_eta: 0.0667   run:  3
fta_upper_limit: 0.50   fta_lower_limit: -0.50   fta_delta: 0.0667   fta_eta: 0.0667   run:  4
fta_upper_limit: 1.00   fta_lower_limit: -1.00   fta_delta: 0.2000   fta_eta: 0.2000   run:  0
fta_upper_limit: 1.00   fta_lower_limit: -1.00   fta_delta: 0.2000   fta_eta: 0.2000   run:  1
fta_upper_limit: 1.00   fta_lower_limit: -1.00   fta_delta: 0.2000   fta_eta: 0.2000   run:  2
fta_upper_limit: 1.00   fta_lower_limit: -1.00   fta_delta: 0.2000   fta_eta: 0.2000   run:  3
fta_upper_limit: 1.00   fta_lower_limit: -1.00   fta_delta: 0.2000   fta_eta: 0.2000   run:  4
fta_upper_limit: 1.00   fta_lower_limit: -1.00   fta_delta: 0.1818   fta_eta: 0.1818   run:  0
fta_upper_limit: 1.00   fta_lower_limit: -1.00   fta_delta: 0.1818   fta_eta: 0.1818   run:  1
fta_upper_limit: 1.00   fta_lower_limit: -1.00   fta_delta: 0.1818   fta_eta: 0.1818   run:  2
fta_upper_limit: 1.00   fta_lower_limit: -1.00   fta_delta: 0.1818   fta_eta: 0.1818   run:  3
fta_upper_limit: 1.00   fta_lower_limit: -1.00   fta_delta: 0.1818   fta_eta: 0.1818   run:  4
fta_upper_limit: 1.00   fta_lower_limit: -1.00   fta_delta: 0.1667   fta_eta: 0.1667   run:  0
fta_upper_limit: 1.00   fta_lower_limit: -1.00   fta_delta: 0.1667   fta_eta: 0.1667   run:  1
fta_upper_limit: 1.00   fta_lower_limit: -1.00   fta_delta: 0.1667   fta_eta: 0.1667   run:  2
fta_upper_limit: 1.00   fta_lower_limit: -1.00   fta_delta: 0.1667   fta_eta: 0.1667   run:  3
fta_upper_limit: 1.00   fta_lower_limit: -1.00   fta_delta: 0.1667   fta_eta: 0.1667   run:  4
fta_upper_limit: 1.00   fta_lower_limit: -1.00   fta_delta: 0.1538   fta_eta: 0.1538   run:  0
fta_upper_limit: 1.00   fta_lower_limit: -1.00   fta_delta: 0.1538   fta_eta: 0.1538   run:  1
fta_upper_limit: 1.00   fta_lower_limit: -1.00   fta_delta: 0.1538   fta_eta: 0.1538   run:  2
fta_upper_limit: 1.00   fta_lower_limit: -1.00   fta_delta: 0.1538   fta_eta: 0.1538   run:  3
fta_upper_limit: 1.00   fta_lower_limit: -1.00   fta_delta: 0.1538   fta_eta: 0.1538   run:  4
fta_upper_limit: 1.00   fta_lower_limit: -1.00   fta_delta: 0.1429   fta_eta: 0.1429   run:  0
fta_upper_limit: 1.00   fta_lower_limit: -1.00   fta_delta: 0.1429   fta_eta: 0.1429   run:  1
fta_upper_limit: 1.00   fta_lower_limit: -1.00   fta_delta: 0.1429   fta_eta: 0.1429   run:  2
fta_upper_limit: 1.00   fta_lower_limit: -1.00   fta_delta: 0.1429   fta_eta: 0.1429   run:  3
fta_upper_limit: 1.00   fta_lower_limit: -1.00   fta_delta: 0.1429   fta_eta: 0.1429   run:  4
fta_upper_limit: 1.00   fta_lower_limit: -1.00   fta_delta: 0.1333   fta_eta: 0.1333   run:  0
fta_upper_limit: 1.00   fta_lower_limit: -1.00   fta_delta: 0.1333   fta_eta: 0.1333   run:  1
fta_upper_limit: 1.00   fta_lower_limit: -1.00   fta_delta: 0.1333   fta_eta: 0.1333   run:  2
fta_upper_limit: 1.00   fta_lower_limit: -1.00   fta_delta: 0.1333   fta_eta: 0.1333   run:  3
fta_upper_limit: 1.00   fta_lower_limit: -1.00   fta_delta: 0.1333   fta_eta: 0.1333   run:  4
fta_upper_limit: 2.00   fta_lower_limit: -2.00   fta_delta: 0.4000   fta_eta: 0.4000   run:  0
fta_upper_limit: 2.00   fta_lower_limit: -2.00   fta_delta: 0.4000   fta_eta: 0.4000   run:  1
fta_upper_limit: 2.00   fta_lower_limit: -2.00   fta_delta: 0.4000   fta_eta: 0.4000   run:  2
fta_upper_limit: 2.00   fta_lower_limit: -2.00   fta_delta: 0.4000   fta_eta: 0.4000   run:  3
fta_upper_limit: 2.00   fta_lower_limit: -2.00   fta_delta: 0.4000   fta_eta: 0.4000   run:  4
fta_upper_limit: 2.00   fta_lower_limit: -2.00   fta_delta: 0.3636   fta_eta: 0.3636   run:  0
fta_upper_limit: 2.00   fta_lower_limit: -2.00   fta_delta: 0.3636   fta_eta: 0.3636   run:  1
fta_upper_limit: 2.00   fta_lower_limit: -2.00   fta_delta: 0.3636   fta_eta: 0.3636   run:  2
fta_upper_limit: 2.00   fta_lower_limit: -2.00   fta_delta: 0.3636   fta_eta: 0.3636   run:  3
fta_upper_limit: 2.00   fta_lower_limit: -2.00   fta_delta: 0.3636   fta_eta: 0.3636   run:  4
fta_upper_limit: 2.00   fta_lower_limit: -2.00   fta_delta: 0.3333   fta_eta: 0.3333   run:  0
fta_upper_limit: 2.00   fta_lower_limit: -2.00   fta_delta: 0.3333   fta_eta: 0.3333   run:  1
fta_upper_limit: 2.00   fta_lower_limit: -2.00   fta_delta: 0.3333   fta_eta: 0.3333   run:  2
fta_upper_limit: 2.00   fta_lower_limit: -2.00   fta_delta: 0.3333   fta_eta: 0.3333   run:  3
fta_upper_limit: 2.00   fta_lower_limit: -2.00   fta_delta: 0.3333   fta_eta: 0.3333   run:  4
fta_upper_limit: 2.00   fta_lower_limit: -2.00   fta_delta: 0.3077   fta_eta: 0.3077   run:  0
fta_upper_limit: 2.00   fta_lower_limit: -2.00   fta_delta: 0.3077   fta_eta: 0.3077   run:  1
fta_upper_limit: 2.00   fta_lower_limit: -2.00   fta_delta: 0.3077   fta_eta: 0.3077   run:  2
fta_upper_limit: 2.00   fta_lower_limit: -2.00   fta_delta: 0.3077   fta_eta: 0.3077   run:  3
fta_upper_limit: 2.00   fta_lower_limit: -2.00   fta_delta: 0.3077   fta_eta: 0.3077   run:  4
fta_upper_limit: 2.00   fta_lower_limit: -2.00   fta_delta: 0.2857   fta_eta: 0.2857   run:  0
fta_upper_limit: 2.00   fta_lower_limit: -2.00   fta_delta: 0.2857   fta_eta: 0.2857   run:  1
fta_upper_limit: 2.00   fta_lower_limit: -2.00  /home/gohar/RL1/RL1-Project/src/agent.py:92: UserWarning: Creating a tensor from a list of numpy.ndarrays is extremely slow. Please consider converting the list to a single numpy.ndarray with numpy.array() before converting to a tensor. (Triggered internally at  /opt/conda/conda-bld/pytorch_1659484809535/work/torch/csrc/utils/tensor_new.cpp:201.)
  state = T.tensor([observation]).to(self.Q_eval.device)
 fta_delta: 0.2857   fta_eta: 0.2857   run:  2
fta_upper_limit: 2.00   fta_lower_limit: -2.00   fta_delta: 0.2857   fta_eta: 0.2857   run:  3
fta_upper_limit: 2.00   fta_lower_limit: -2.00   fta_delta: 0.2857   fta_eta: 0.2857   run:  4
fta_upper_limit: 2.00   fta_lower_limit: -2.00   fta_delta: 0.2667   fta_eta: 0.2667   run:  0
fta_upper_limit: 2.00   fta_lower_limit: -2.00   fta_delta: 0.2667   fta_eta: 0.2667   run:  1
fta_upper_limit: 2.00   fta_lower_limit: -2.00   fta_delta: 0.2667   fta_eta: 0.2667   run:  2
fta_upper_limit: 2.00   fta_lower_limit: -2.00   fta_delta: 0.2667   fta_eta: 0.2667   run:  3
fta_upper_limit: 2.00   fta_lower_limit: -2.00   fta_delta: 0.2667   fta_eta: 0.2667   run:  4
